Summary of SPARK analysis
=========================

---------------------------------------------------------------------------------------------------------
SPARK Analysis results        Total        Flow   Interval   CodePeer      Provers   Justified   Unproved
---------------------------------------------------------------------------------------------------------
Data Dependencies                 .           .          .          .            .           .          .
Flow Dependencies                 .           .          .          .            .           .          .
Initialization                   99          99          .          .            .           .          .
Non-Aliasing                      .           .          .          .            .           .          .
Run-time Checks                  84           .          .          .    81 (CVC4)           .          3
Assertions                        .           .          .          .            .           .          .
Functional Contracts              .           .          .          .            .           .          .
LSP Verification                  .           .          .          .            .           .          .
---------------------------------------------------------------------------------------------------------
Total                           183    99 (54%)          .          .     81 (44%)           .     3 (2%)


Analyzed 4 units
in unit debug, 0 subprograms and packages out of 6 analyzed
  Debug at debug.ads:2 skipped
  Debug.New_Line at debug.ads:16 skipped
  Debug.Put at debug.ads:4 skipped
  Debug.Put at debug.ads:12 skipped
  Debug.Put at debug.ads:20 skipped
  Debug.Put_Line at debug.ads:8 skipped
in unit driver, 1 subprograms and packages out of 1 analyzed
  Driver at driver.adb:7 flow analyzed (0 errors, 0 checks and 0 warnings) and proved (0 checks)
in unit instruction, 1 subprograms and packages out of 33 analyzed
  Instruction at instruction.ads:2 skipped
  Instruction.DebugPrintInstr at instruction.ads:78 flow analyzed (0 errors, 0 checks and 0 warnings) and proved (24 checks)
  Instruction.GenerateRandomInstr at instruction.ads:74 skipped
  Instruction.Init at instruction.ads:70 skipped
  Instruction.PutOffset at instruction.adb:71 skipped
  Instruction.PutReg at instruction.adb:65 skipped
  Instruction.Random_Offset.Generator at a-nudira.ads:50, instantiated at instruction.adb:9 skipped
  Instruction.Random_Offset.Image at a-nudira.ads:66, instantiated at instruction.adb:9 skipped
  Instruction.Random_Offset.Random at a-nudira.ads:52, instantiated at instruction.adb:9 skipped
  Instruction.Random_Offset.Reset at a-nudira.ads:54, instantiated at instruction.adb:9 skipped
  Instruction.Random_Offset.Reset at a-nudira.ads:55, instantiated at instruction.adb:9 skipped
  Instruction.Random_Offset.Reset at a-nudira.ads:62, instantiated at instruction.adb:9 skipped
  Instruction.Random_Offset.Save at a-nudira.ads:61, instantiated at instruction.adb:9 skipped
  Instruction.Random_Offset.State at a-nudira.ads:59, instantiated at instruction.adb:9 skipped
  Instruction.Random_Offset.Value at a-nudira.ads:67, instantiated at instruction.adb:9 skipped
  Instruction.Random_OpCode.Generator at a-nudira.ads:50, instantiated at instruction.adb:7 skipped
  Instruction.Random_OpCode.Image at a-nudira.ads:66, instantiated at instruction.adb:7 skipped
  Instruction.Random_OpCode.Random at a-nudira.ads:52, instantiated at instruction.adb:7 skipped
  Instruction.Random_OpCode.Reset at a-nudira.ads:54, instantiated at instruction.adb:7 skipped
  Instruction.Random_OpCode.Reset at a-nudira.ads:55, instantiated at instruction.adb:7 skipped
  Instruction.Random_OpCode.Reset at a-nudira.ads:62, instantiated at instruction.adb:7 skipped
  Instruction.Random_OpCode.Save at a-nudira.ads:61, instantiated at instruction.adb:7 skipped
  Instruction.Random_OpCode.State at a-nudira.ads:59, instantiated at instruction.adb:7 skipped
  Instruction.Random_OpCode.Value at a-nudira.ads:67, instantiated at instruction.adb:7 skipped
  Instruction.Random_Reg.Generator at a-nudira.ads:50, instantiated at instruction.adb:8 skipped
  Instruction.Random_Reg.Image at a-nudira.ads:66, instantiated at instruction.adb:8 skipped
  Instruction.Random_Reg.Random at a-nudira.ads:52, instantiated at instruction.adb:8 skipped
  Instruction.Random_Reg.Reset at a-nudira.ads:54, instantiated at instruction.adb:8 skipped
  Instruction.Random_Reg.Reset at a-nudira.ads:55, instantiated at instruction.adb:8 skipped
  Instruction.Random_Reg.Reset at a-nudira.ads:62, instantiated at instruction.adb:8 skipped
  Instruction.Random_Reg.Save at a-nudira.ads:61, instantiated at instruction.adb:8 skipped
  Instruction.Random_Reg.State at a-nudira.ads:59, instantiated at instruction.adb:8 skipped
  Instruction.Random_Reg.Value at a-nudira.ads:67, instantiated at instruction.adb:8 skipped
in unit machine, 11 subprograms and packages out of 11 analyzed
  Machine at machine.ads:4 flow analyzed (0 errors, 0 checks and 0 warnings) and proved (0 checks)
  Machine.DetectInvalidBehaviour at machine.ads:47 flow analyzed (0 errors, 0 checks and 0 warnings) and proved (0 checks)
   suppressed messages:
    machine.ads:48:36: 
    machine.ads:47:36: 
  Machine.DoAdd at machine.adb:33 flow analyzed (0 errors, 0 checks and 0 warnings) and proved (0 checks)
  Machine.DoDiv at machine.adb:109 flow analyzed (0 errors, 0 checks and 0 warnings) and proved (0 checks)
  Machine.DoLdr at machine.adb:127 flow analyzed (0 errors, 0 checks and 0 warnings) and proved (0 checks)
   suppressed messages:
    machine.adb:138:17: 
    machine.adb:140:17: 
    machine.adb:143:14: 
  Machine.DoMov at machine.adb:158 flow analyzed (0 errors, 0 checks and 0 warnings) and proved (0 checks)
  Machine.DoMul at machine.adb:73 flow analyzed (0 errors, 0 checks and 0 warnings) and proved (0 checks)
  Machine.DoStr at machine.adb:148 flow analyzed (0 errors, 0 checks and 0 warnings) and proved (0 checks)
  Machine.DoSub at machine.adb:54 flow analyzed (0 errors, 0 checks and 0 warnings) and proved (0 checks)
  Machine.ExecuteProgram at machine.ads:35 flow analyzed (0 errors, 0 checks and 0 warnings) and not proved, 57 checks out of 60 proved
   suppressed messages:
    machine.adb:44:17: 
    machine.adb:46:17: 
    machine.adb:49:14: 
    machine.adb:64:17: 
    machine.adb:66:17: 
    machine.adb:69:14: 
    machine.adb:81:14: 
    machine.adb:87:23: 
    machine.adb:89:23: 
    machine.adb:95:26: 
    machine.adb:97:26: 
    machine.adb:100:22: 
    machine.adb:104:17: 
    machine.adb:118:17: 
    machine.adb:120:17: 
    machine.adb:123:14: 
    machine.adb:138:17: 
    machine.adb:140:17: 
    machine.adb:143:14: 
    machine.adb:145:11: 
    machine.adb:155:11: 
    machine.adb:163:11: 
  Machine.IncPC at machine.adb:22 flow analyzed (0 errors, 0 checks and 0 warnings) and proved (0 checks)
