machine.adb:24:40: medium: range check might fail, in call inlined at machine.adb:146 (e.g. when PC = 65536)[#9]
machine.adb:24:40: medium: range check might fail, in call inlined at machine.adb:143 (e.g. when PC = 65536)[#10]
machine.adb:24:40: medium: range check might fail, in call inlined at machine.adb:138 (e.g. when PC = 1)[#14]
machine.adb:24:40: medium: range check might fail, in call inlined at machine.adb:117 (e.g. when PC = 65536)[#17]
machine.adb:24:40: medium: range check might fail, in call inlined at machine.adb:141 (e.g. when PC = 1)[#19]
machine.adb:24:40: medium: range check might fail, in call inlined at machine.adb:126 (e.g. when PC = 65536)[#20]
machine.adb:24:40: medium: range check might fail, in call inlined at machine.adb:120 (e.g. when PC = 65536)[#22]
machine.adb:24:40: medium: range check might fail, in call inlined at machine.adb:132 (e.g. when PC = 65536)[#24]
machine.adb:24:40: medium: range check might fail, in call inlined at machine.adb:123 (e.g. when PC = 65536)[#25]
machine.adb:24:40: medium: range check might fail, in call inlined at machine.adb:129 (e.g. when PC = 65536)[#26]
machine.adb:24:40: medium: range check might fail, in call inlined at machine.adb:114 (e.g. when PC = 65536)[#27]
machine.adb:33:29: medium: overflow check might fail, in call inlined at machine.adb:113 (e.g. when Regs = (others => -1073741825))[#21]
machine.adb:34:11: warning: unused assignment, in call inlined at machine.adb:113[#2]
machine.adb:42:29: medium: overflow check might fail, in call inlined at machine.adb:116 (e.g. when Regs = (1 => 1, others => -2147483648))[#12]
machine.adb:43:11: warning: unused assignment, in call inlined at machine.adb:116[#3]
machine.adb:51:29: medium: overflow check might fail, in call inlined at machine.adb:119 (e.g. when Regs = (1 => 2, others => -2))[#15]
machine.adb:52:11: warning: unused assignment, in call inlined at machine.adb:119[#4]
machine.adb:60:29: medium: divide by zero might fail, in call inlined at machine.adb:122 (e.g. when Regs = (others => 0))[#16]
machine.adb:60:29: medium: overflow check might fail, in call inlined at machine.adb:122 (e.g. when Regs = (0 => -1, others => 0))[#28]
machine.adb:61:11: warning: unused assignment, in call inlined at machine.adb:122[#5]
machine.adb:68:33: medium: range check might fail, in call inlined at machine.adb:125 (e.g. when A = 0)[#18]
machine.adb:68:33: medium: overflow check might fail, in call inlined at machine.adb:125 (e.g. when A = 0 and Regs = (others => -2147483648))[#23]
machine.adb:71:11: warning: unused assignment, in call inlined at machine.adb:125[#6]
machine.adb:78:33: medium: range check might fail, in call inlined at machine.adb:128 (e.g. when A = 0)[#11]
machine.adb:78:33: medium: overflow check might fail, in call inlined at machine.adb:128 (e.g. when A = 0 and Regs = (others => -2147483648))[#13]
machine.adb:81:11: warning: unused assignment, in call inlined at machine.adb:128[#7]
machine.adb:89:11: warning: unused assignment, in call inlined at machine.adb:131[#8]
machine.ads:47:36: warning: unused variable "Prog"[#0]
machine.ads:48:36: warning: unused variable "Cycles"[#1]
